0 info it worked if it ends with ok
1 verbose cli [
1 verbose cli   'C:\\Program Files\\nodejs\\node.exe',
1 verbose cli   'C:\\Users\\Taylor\\AppData\\Roaming\\npm\\node_modules\\npm\\bin\\npm-cli.js',
1 verbose cli   'start'
1 verbose cli ]
2 info using npm@6.13.7
3 info using node@v12.18.2
4 verbose run-script [ 'prestart', 'start', 'poststart' ]
5 info lifecycle leadsapp@1.0.0~prestart: leadsapp@1.0.0
6 info lifecycle leadsapp@1.0.0~start: leadsapp@1.0.0
7 verbose lifecycle leadsapp@1.0.0~start: unsafe-perm in lifecycle true
8 verbose lifecycle leadsapp@1.0.0~start: PATH: C:\Users\Taylor\AppData\Roaming\npm\node_modules\npm\node_modules\npm-lifecycle\node-gyp-bin;C:\Users\Taylor\Documents\Coding\Leads\LeadsApp\node_modules\.bin;C:\Users\Taylor\bin;C:\Program Files\Git\mingw64\bin;C:\Program Files\Git\usr\local\bin;C:\Program Files\Git\usr\bin;C:\Program Files\Git\usr\bin;C:\Program Files\Git\mingw64\bin;C:\Program Files\Git\usr\bin;C:\Users\Taylor\bin;C:\Program Files (x86)\Common Files\Intel\Shared Libraries\redist\intel64\compiler;C:\Program Files (x86)\Intel\iCLS Client;C:\Program Files\Intel\iCLS Client;C:\windows\system32;C:\windows;C:\windows\System32\Wbem;C:\windows\System32\WindowsPowerShell\v1.0;C:\Program Files (x86)\Intel\Intel(R) Management Engine Components\DAL;C:\Program Files\Intel\Intel(R) Management Engine Components\DAL;C:\Program Files (x86)\Intel\Intel(R) Management Engine Components\IPT;C:\Program Files\Intel\Intel(R) Management Engine Components\IPT;C:\Program Files (x86)\NVIDIA Corporation\PhysX\Common;C:\WINDOWS\system32;C:\WINDOWS;C:\WINDOWS\System32\Wbem;C:\WINDOWS\System32\WindowsPowerShell\v1.0;C:\WINDOWS\System32\OpenSSH;C:\Program Files\Git\cmd;C:\Program Files\nodejs;C:\Program Files\MongoDB\Server\4.2\bin;C:\Program Files\NVIDIA Corporation\NVIDIA NvDLISR;C:\Users\Taylor\AppData\Local\Microsoft\WindowsApps;C:\Users\Taylor\AppData\Local\Programs\Microsoft VS Code\bin;C:\Program Files\heroku\bin;C:\Users\Taylor\AppData\Roaming\npm;C:\Program Files\Git\usr\bin\vendor_perl;C:\Program Files\Git\usr\bin\core_perl
9 verbose lifecycle leadsapp@1.0.0~start: CWD: C:\Users\Taylor\Documents\Coding\Leads\LeadsApp
10 silly lifecycle leadsapp@1.0.0~start: Args: [ '/d /s /c', 'node server.js' ]
11 silly lifecycle leadsapp@1.0.0~start: Returned: code: 1  signal: null
12 info lifecycle leadsapp@1.0.0~start: Failed to exec start script
13 verbose stack Error: leadsapp@1.0.0 start: `node server.js`
13 verbose stack Exit status 1
13 verbose stack     at EventEmitter.<anonymous> (C:\Users\Taylor\AppData\Roaming\npm\node_modules\npm\node_modules\npm-lifecycle\index.js:332:16)
13 verbose stack     at EventEmitter.emit (events.js:315:20)
13 verbose stack     at ChildProcess.<anonymous> (C:\Users\Taylor\AppData\Roaming\npm\node_modules\npm\node_modules\npm-lifecycle\lib\spawn.js:55:14)
13 verbose stack     at ChildProcess.emit (events.js:315:20)
13 verbose stack     at maybeClose (internal/child_process.js:1021:16)
13 verbose stack     at Process.ChildProcess._handle.onexit (internal/child_process.js:286:5)
14 verbose pkgid leadsapp@1.0.0
15 verbose cwd C:\Users\Taylor\Documents\Coding\Leads\LeadsApp
16 verbose Windows_NT 10.0.18362
17 verbose argv "C:\\Program Files\\nodejs\\node.exe" "C:\\Users\\Taylor\\AppData\\Roaming\\npm\\node_modules\\npm\\bin\\npm-cli.js" "start"
18 verbose node v12.18.2
19 verbose npm  v6.13.7
20 error code ELIFECYCLE
21 error errno 1
22 error leadsapp@1.0.0 start: `node server.js`
22 error Exit status 1
23 error Failed at the leadsapp@1.0.0 start script.
23 error This is probably not a problem with npm. There is likely additional logging output above.
24 verbose exit [ 1, true ]
